<?xml version="1.0" encoding="UTF-8"?>
<coverage generated="1767550861613" clover="3.2.0">
  <project timestamp="1767550861613" name="All files">
    <metrics statements="8" coveredstatements="6" conditionals="4" coveredconditionals="2" methods="1" coveredmethods="1" elements="13" coveredelements="9" complexity="0" loc="8" ncloc="8" packages="1" files="1" classes="1"/>
    <file name="delete-session.service.js" path="C:\Users\murse\Github\WedSocial\server\src\services\session\delete-session.service.js">
      <metrics statements="8" coveredstatements="6" conditionals="4" coveredconditionals="2" methods="1" coveredmethods="1"/>
      <line num="13" count="1" type="stmt"/>
      <line num="14" count="1" type="cond" truecount="1" falsecount="1"/>
      <line num="15" count="0" type="stmt"/>
      <line num="17" count="1" type="cond" truecount="1" falsecount="1"/>
      <line num="18" count="0" type="stmt"/>
      <line num="24" count="1" type="stmt"/>
      <line num="26" count="1" type="stmt"/>
      <line num="29" count="1" type="stmt"/>
    </file>
  </project>
</coverage>
