{"C:\\Users\\murse\\Github\\WedSocial\\server\\src\\services\\session\\delete-session.service.js": {"path":"C:\\Users\\murse\\Github\\WedSocial\\server\\src\\services\\session\\delete-session.service.js","statementMap":{"0":{"start":{"line":13,"column":22},"end":{"line":30,"column":1}},"1":{"start":{"line":14,"column":2},"end":{"line":16,"column":3}},"2":{"start":{"line":15,"column":4},"end":{"line":15,"column":78}},"3":{"start":{"line":17,"column":2},"end":{"line":22,"column":3}},"4":{"start":{"line":18,"column":4},"end":{"line":21,"column":6}},"5":{"start":{"line":24,"column":2},"end":{"line":24,"column":45}},"6":{"start":{"line":26,"column":2},"end":{"line":28,"column":4}},"7":{"start":{"line":29,"column":2},"end":{"line":29,"column":31}}},"fnMap":{"0":{"name":"(anonymous_0)","decl":{"start":{"line":13,"column":22},"end":{"line":13,"column":23}},"loc":{"start":{"line":13,"column":43},"end":{"line":30,"column":1}},"line":13}},"branchMap":{"0":{"loc":{"start":{"line":14,"column":2},"end":{"line":16,"column":3}},"type":"if","locations":[{"start":{"line":14,"column":2},"end":{"line":16,"column":3}},{"start":{},"end":{}}],"line":14},"1":{"loc":{"start":{"line":17,"column":2},"end":{"line":22,"column":3}},"type":"if","locations":[{"start":{"line":17,"column":2},"end":{"line":22,"column":3}},{"start":{},"end":{}}],"line":17}},"s":{"0":1,"1":1,"2":0,"3":1,"4":0,"5":1,"6":1,"7":1},"f":{"0":1},"b":{"0":[0,1],"1":[0,1]},"_coverageSchema":"1a1c01bbd47fc00a2c39e90264f33305004495a9","hash":"fda8cae4dd53b8dbcf623f63436d518cfea0ac2c"}
}
